  **** HLS Build v2025.1 6135595
INFO: [HLS 200-2005] Using work_dir C:/Users/gerid/Desktop/VitisCNNWorkspace/cnn_conv2d_hls/conv2d_relu 
INFO: [HLS 200-2176] Writing Vitis IDE component file C:/Users/gerid/Desktop/VitisCNNWorkspace/cnn_conv2d_hls/conv2d_relu/vitis-comp.json
INFO: [HLS 200-10] Creating and opening component 'C:/Users/gerid/Desktop/VitisCNNWorkspace/cnn_conv2d_hls/conv2d_relu'.
INFO: [HLS 200-1505] Using default flow_target 'vivado'
Resolution: For help on HLS 200-1505 see docs.xilinx.com/access/sources/dita/topic?Doc_Version=2025.1%20English&url=ug1448-hls-guidance&resourceid=200-1505.html
INFO: [HLS 200-2174] Applying component config ini file C:/Users/gerid/Desktop/VitisCNNWorkspace/cnn_conv2d_hls/hls_config.cfg
INFO: [HLS 200-1465] Applying config ini 'syn.file=../conv2d_relu.cpp' from C:/Users/gerid/Desktop/VitisCNNWorkspace/cnn_conv2d_hls/hls_config.cfg(8)
INFO: [HLS 200-10] Adding design file 'C:/Users/gerid/Desktop/VitisCNNWorkspace/conv2d_relu.cpp' to the project
INFO: [HLS 200-1465] Applying config ini 'syn.file=../conv2d_relu.h' from C:/Users/gerid/Desktop/VitisCNNWorkspace/cnn_conv2d_hls/hls_config.cfg(9)
INFO: [HLS 200-10] Adding design file 'C:/Users/gerid/Desktop/VitisCNNWorkspace/conv2d_relu.h' to the project
INFO: [HLS 200-1465] Applying config ini 'tb.file=../testbench_conv2d.cpp' from C:/Users/gerid/Desktop/VitisCNNWorkspace/cnn_conv2d_hls/hls_config.cfg(10)
INFO: [HLS 200-10] Adding test bench file 'C:/Users/gerid/Desktop/VitisCNNWorkspace/testbench_conv2d.cpp' to the project
INFO: [HLS 200-1465] Applying config ini 'syn.top=conv2d_relu' from C:/Users/gerid/Desktop/VitisCNNWorkspace/cnn_conv2d_hls/hls_config.cfg(7)
INFO: [HLS 200-1465] Applying config ini 'flow_target=vivado' from C:/Users/gerid/Desktop/VitisCNNWorkspace/cnn_conv2d_hls/hls_config.cfg(4)
INFO: [HLS 200-1505] Using flow_target 'vivado'
Resolution: For help on HLS 200-1505 see docs.xilinx.com/access/sources/dita/topic?Doc_Version=2025.1%20English&url=ug1448-hls-guidance&resourceid=200-1505.html
INFO: [HLS 200-1465] Applying config ini 'part=xa7a15tcpg236-1I' from C:/Users/gerid/Desktop/VitisCNNWorkspace/cnn_conv2d_hls/hls_config.cfg(1)
INFO: [HLS 200-1611] Setting target device to 'xa7a15t-cpg236-1I'
INFO: [HLS 200-1465] Applying config ini 'clock=10ns' from C:/Users/gerid/Desktop/VitisCNNWorkspace/cnn_conv2d_hls/hls_config.cfg(11)
INFO: [SYN 201-201] Setting up clock 'default' with a period of 10ns.
INFO: [HLS 200-1465] Applying config ini 'clock_uncertainty=1ns' from C:/Users/gerid/Desktop/VitisCNNWorkspace/cnn_conv2d_hls/hls_config.cfg(12)
INFO: [SYN 201-201] Setting up clock 'default' with an uncertainty of 1ns.
INFO: [HLS 200-1465] Applying config ini 'package.output.format=ip_catalog' from C:/Users/gerid/Desktop/VitisCNNWorkspace/cnn_conv2d_hls/hls_config.cfg(5)
INFO: [HLS 200-2176] Writing Vitis IDE component file C:/Users/gerid/Desktop/VitisCNNWorkspace/cnn_conv2d_hls/conv2d_relu/vitis-comp.json
INFO: [HLS 200-111] Finished File checks and directory preparation: CPU user time: 1 seconds. CPU system time: 2 seconds. Elapsed time: 2.338 seconds; current allocated memory: 144.715 MB.
INFO: [HLS 200-10] Analyzing design file '../conv2d_relu.cpp' ... 
ERROR: [HLS 207-7] expected ')' (../conv2d_relu.h:20:9)
INFO: [HLS 207-66] to match this '(' (../conv2d_relu.h:15:17)
ERROR: [HLS 207-1189] expected function body after function declarator (../conv2d_relu.h:20:9)
ERROR: [HLS 207-5515] '#pragma HLS' is only allowed in function scope (../conv2d_relu.h:20:9)
ERROR: [HLS 207-1228] expected unqualified-id (../conv2d_relu.h:21:1)
ERROR:  
INFO: [HLS 200-112] Total CPU user time: 1 seconds. Total CPU system time: 2 seconds. Total elapsed time: 3.324 seconds; peak allocated memory: 146.305 MB.
